<?xml version="1.0" encoding="UTF-8"?>
<!-- Generated by org.testng.reporters.JUnitReportReporter -->
<testsuite skipped="0" hostname="DESKTOP-HRIMAG0" name="com.Hemanth.H_ReusableCode.TC_001" tests="1" failures="0" timestamp="14 Aug 2019 14:10:17 GMT" time="12.901" errors="0">
  <testcase name="setUp" time="12.901" classname="com.Hemanth.H_ReusableCode.TC_001"/>
</testsuite> <!-- com.Hemanth.H_ReusableCode.TC_001 -->
