<?xml version="1.0" encoding="UTF-8"?>
<!-- Generated by org.testng.reporters.JUnitReportReporter -->
<testsuite skipped="0" hostname="DESKTOP-HRIMAG0" name="com.Hemanth.H_ReusableCode.DataDrivenFramework" tests="7" failures="0" timestamp="22 Aug 2019 09:49:57 GMT" time="91.003" errors="0">
  <testcase name="showData" time="17.861" classname="com.Hemanth.H_ReusableCode.DataDrivenFramework"/>
  <testcase name="showData" time="11.791" classname="com.Hemanth.H_ReusableCode.DataDrivenFramework"/>
  <testcase name="showData" time="11.572" classname="com.Hemanth.H_ReusableCode.DataDrivenFramework"/>
  <testcase name="showData" time="13.986" classname="com.Hemanth.H_ReusableCode.DataDrivenFramework"/>
  <testcase name="showData" time="11.578" classname="com.Hemanth.H_ReusableCode.DataDrivenFramework"/>
  <testcase name="showData" time="12.723" classname="com.Hemanth.H_ReusableCode.DataDrivenFramework"/>
  <testcase name="showData" time="11.492" classname="com.Hemanth.H_ReusableCode.DataDrivenFramework"/>
</testsuite> <!-- com.Hemanth.H_ReusableCode.DataDrivenFramework -->
